<?xml version="1.0" encoding="UTF-8"?>
<!-- Generated by org.testng.reporters.JUnitXMLReporter -->
<testsuite ignored="0" hostname="evy" failures="0" tests="3" name="myTests" time="11.58" errors="0" timestamp="2022-12-24T17:20:34 IST">
  <testcase classname="testcases.AddDiscussionTest" name="tc_addDiscussionTest" time="4.929"/>
  <testcase classname="testcases.AddTicketTest" name="tc_addTicket" time="5.092"/>
  <testcase classname="testcases.AddTaskTest" name="tc_addTask" time="5.2"/>
</testsuite> <!-- myTests -->
