<?xml version="1.0" encoding="UTF-8"?>
<testng-results ignored="0" total="3" passed="3" failed="0" skipped="0">
  <reporter-output>
  </reporter-output>
  <suite started-at="2022-12-24T17:20:22 IST" name="mySuite" finished-at="2022-12-24T17:20:34 IST" duration-ms="11580">
    <groups>
    </groups>
    <test started-at="2022-12-24T17:20:22 IST" name="myTests" finished-at="2022-12-24T17:20:34 IST" duration-ms="11580">
      <class name="testcases.AddTicketTest">
        <test-method is-config="true" signature="setup()[pri:0, instance:testcases.AddTicketTest@563f38c4]" started-at="2022-12-24T17:20:22 IST" name="setup" finished-at="2022-12-24T17:20:27 IST" duration-ms="4934" status="PASS">
          <reporter-output>
          </reporter-output>
        </test-method> <!-- setup -->
        <test-method signature="tc_addTicket()[pri:0, instance:testcases.AddTicketTest@563f38c4]" started-at="2022-12-24T17:20:27 IST" name="tc_addTicket" finished-at="2022-12-24T17:20:32 IST" duration-ms="5092" status="PASS">
          <reporter-output>
          </reporter-output>
        </test-method> <!-- tc_addTicket -->
        <test-method is-config="true" signature="tearDown()[pri:0, instance:testcases.AddTicketTest@563f38c4]" started-at="2022-12-24T17:20:33 IST" name="tearDown" finished-at="2022-12-24T17:20:34 IST" duration-ms="931" status="PASS">
          <reporter-output>
          </reporter-output>
        </test-method> <!-- tearDown -->
      </class> <!-- testcases.AddTicketTest -->
      <class name="testcases.AddDiscussionTest">
        <test-method is-config="true" signature="setup()[pri:0, instance:testcases.AddDiscussionTest@2e6a8155]" started-at="2022-12-24T17:20:22 IST" name="setup" finished-at="2022-12-24T17:20:27 IST" duration-ms="4938" status="PASS">
          <reporter-output>
          </reporter-output>
        </test-method> <!-- setup -->
        <test-method signature="tc_addDiscussionTest()[pri:0, instance:testcases.AddDiscussionTest@2e6a8155]" started-at="2022-12-24T17:20:27 IST" name="tc_addDiscussionTest" finished-at="2022-12-24T17:20:32 IST" duration-ms="4929" status="PASS">
          <reporter-output>
          </reporter-output>
        </test-method> <!-- tc_addDiscussionTest -->
        <test-method is-config="true" signature="tearDown()[pri:0, instance:testcases.AddDiscussionTest@2e6a8155]" started-at="2022-12-24T17:20:33 IST" name="tearDown" finished-at="2022-12-24T17:20:34 IST" duration-ms="923" status="PASS">
          <reporter-output>
          </reporter-output>
        </test-method> <!-- tearDown -->
      </class> <!-- testcases.AddDiscussionTest -->
      <class name="testcases.AddTaskTest">
        <test-method is-config="true" signature="setup()[pri:0, instance:testcases.AddTaskTest@3e8c3cb]" started-at="2022-12-24T17:20:22 IST" name="setup" finished-at="2022-12-24T17:20:27 IST" duration-ms="4973" status="PASS">
          <reporter-output>
          </reporter-output>
        </test-method> <!-- setup -->
        <test-method signature="tc_addTask()[pri:0, instance:testcases.AddTaskTest@3e8c3cb]" started-at="2022-12-24T17:20:27 IST" name="tc_addTask" finished-at="2022-12-24T17:20:33 IST" duration-ms="5200" status="PASS">
          <reporter-output>
          </reporter-output>
        </test-method> <!-- tc_addTask -->
        <test-method is-config="true" signature="tearDown()[pri:0, instance:testcases.AddTaskTest@3e8c3cb]" started-at="2022-12-24T17:20:33 IST" name="tearDown" finished-at="2022-12-24T17:20:34 IST" duration-ms="923" status="PASS">
          <reporter-output>
          </reporter-output>
        </test-method> <!-- tearDown -->
      </class> <!-- testcases.AddTaskTest -->
    </test> <!-- myTests -->
  </suite> <!-- mySuite -->
</testng-results>
